FAIL src/shared/domain/mapSectorBoundary.test.ts
  ● Test suite failed to run

    [96msrc/shared/domain/mapSectorBoundary.ts[0m:[93m184[0m:[93m16[0m - [91merror[0m[90m TS2339: [0mProperty 'kind' does not exist on type 'Readonly<{ kind: "sector-boundary-loop-error"; reason: "no-edges" | "too-few-edges" | "open-loop" | "ambiguous" | "missing-vertex" | "non-simple"; }> | Readonly<{ edge: Readonly<{ ...; }>; index: number; }>'.
      Property 'kind' does not exist on type 'Readonly<{ edge: Readonly<{ start: number; end: number; wallIndex: number; }>; index: number; }>'.

    [7m184[0m     if (choice.kind === 'sector-boundary-loop-error') {
    [7m   [0m [91m               ~~~~[0m
    [96msrc/shared/domain/mapSectorBoundary.ts[0m:[93m185[0m:[93m7[0m - [91merror[0m[90m TS2322: [0mType 'Readonly<{ kind: "sector-boundary-loop-error"; reason: "no-edges" | "too-few-edges" | "open-loop" | "ambiguous" | "missing-vertex" | "non-simple"; }> | Readonly<{ edge: Readonly<{ ...; }>; index: number; }>' is not assignable to type 'Readonly<{ kind: "sector-boundary-loop"; polygon: readonly Readonly<{ x: number; y: number; }>[]; wallIndices: readonly number[]; }> | Readonly<{ kind: "sector-boundary-loop-error"; reason: "no-edges" | ... 4 more ... | "non-simple"; }>'.
      Type 'Readonly<{ edge: Readonly<{ start: number; end: number; wallIndex: number; }>; index: number; }>' is not assignable to type 'Readonly<{ kind: "sector-boundary-loop"; polygon: readonly Readonly<{ x: number; y: number; }>[]; wallIndices: readonly number[]; }> | Readonly<{ kind: "sector-boundary-loop-error"; reason: "no-edges" | ... 4 more ... | "non-simple"; }>'.

    [7m185[0m       return choice;
    [7m   [0m [91m      ~~~~~~[0m
    [96msrc/shared/domain/mapSectorBoundary.ts[0m:[93m188[0m:[93m13[0m - [91merror[0m[90m TS2339: [0mProperty 'edge' does not exist on type 'Readonly<{ kind: "sector-boundary-loop-error"; reason: "no-edges" | "too-few-edges" | "open-loop" | "ambiguous" | "missing-vertex" | "non-simple"; }> | Readonly<{ edge: Readonly<{ ...; }>; index: number; }>'.

    [7m188[0m     const { edge: nextEdge, index: nextIndex } = choice;
    [7m   [0m [91m            ~~~~[0m
    [96msrc/shared/domain/mapSectorBoundary.ts[0m:[93m188[0m:[93m29[0m - [91merror[0m[90m TS2339: [0mProperty 'index' does not exist on type 'Readonly<{ kind: "sector-boundary-loop-error"; reason: "no-edges" | "too-few-edges" | "open-loop" | "ambiguous" | "missing-vertex" | "non-simple"; }> | Readonly<{ edge: Readonly<{ ...; }>; index: number; }>'.

    [7m188[0m     const { edge: nextEdge, index: nextIndex } = choice;
    [7m   [0m [91m                            ~~~~~[0m

Test Suites: 1 failed, 1 total
Tests:       0 total
Snapshots:   0 total
Time:        0.857 s
Ran all test suites matching /src\/shared\/domain\/mapSectorBoundary.test.ts/i.
